TN:
SF:src/index.ts
FN:1,(empty-report)
FNF:1
FNH:0
FNDA:0,(empty-report)
DA:1,0
DA:2,0
DA:3,0
DA:4,0
DA:6,0
DA:8,0
DA:10,0
DA:11,0
DA:12,0
DA:14,0
DA:15,0
DA:16,0
DA:17,0
DA:18,0
DA:19,0
DA:20,0
DA:21,0
DA:22,0
DA:23,0
LF:19
LH:0
BRDA:1,0,0,0
BRF:1
BRH:0
end_of_record
TN:
SF:src/utils/logger.ts
FN:19,formatDate
FN:25,makeLog
FN:26,log
FN:32,color
FN:36,log.debug
FN:39,log.info
FN:43,log.warn
FN:47,log.error
FNF:8
FNH:1
FNDA:0,formatDate
FNDA:1,makeLog
FNDA:0,log
FNDA:0,color
FNDA:0,log.debug
FNDA:0,log.info
FNDA:0,log.warn
FNDA:0,log.error
DA:1,1
DA:2,1
DA:3,1
DA:4,1
DA:5,1
DA:6,1
DA:19,1
DA:20,0
DA:21,0
DA:22,0
DA:23,0
DA:25,1
DA:26,1
DA:27,0
DA:28,0
DA:29,0
DA:30,0
DA:32,1
DA:33,0
DA:34,0
DA:36,1
DA:37,0
DA:38,0
DA:39,1
DA:40,0
DA:41,0
DA:43,1
DA:44,0
DA:45,0
DA:47,1
DA:48,0
DA:49,0
DA:51,1
DA:52,1
LF:34
LH:16
BRDA:25,0,0,1
BRF:1
BRH:1
end_of_record
TN:
SF:src/utils/logo.ts
FN:7,LogoText
FNF:1
FNH:1
FNDA:2,LogoText
DA:1,1
DA:2,1
DA:3,1
DA:5,1
DA:7,1
DA:8,2
DA:9,2
DA:10,2
DA:11,0
DA:12,0
DA:13,0
DA:14,0
DA:15,2
DA:16,1
DA:17,1
DA:18,2
DA:19,2
DA:20,2
DA:21,2
LF:19
LH:15
BRDA:7,0,0,2
BRDA:8,1,0,2
BRDA:9,2,0,2
BRDA:10,3,0,0
BRDA:15,4,0,1
BRF:5
BRH:4
end_of_record
